2020-11-09 05:57:59,029 INFO: 正在验证登录状态...
2020-11-09 05:57:59,174 INFO: 第 1 次再尝试验证cookie...
2020-11-09 05:57:59,175 INFO: 正在尝试从历史讯息中恢复...
2020-11-09 05:57:59,177 INFO: [Errno 2] 没有那个文件或目录: 'cookie'
2020-11-09 05:57:59,178 INFO: 第 1 次再尝试验证cookie...
2020-11-09 05:57:59,315 INFO: 第 2 次再尝试验证cookie...
2020-11-09 05:57:59,316 INFO: 正在尝试从历史讯息中恢复...
2020-11-09 05:57:59,316 INFO: [Errno 2] 没有那个文件或目录: 'cookie'
2020-11-09 05:57:59,317 INFO: 第 2 次再尝试验证cookie...
2020-11-09 05:57:59,317 INFO: 请登录!
2020-11-09 05:58:13,244 INFO: 请您打开京东手机客户端或微信扫一扫, 准备扫码登录
2020-11-09 05:58:13,715 INFO: 二维码未扫描，请扫描二维码(Response Code: 201)
2020-11-09 05:58:15,853 INFO: 二维码未扫描，请扫描二维码(Response Code: 201)
2020-11-09 05:58:18,006 INFO: 二维码未扫描，请扫描二维码(Response Code: 201)
2020-11-09 05:58:20,136 INFO: 二维码未扫描，请扫描二维码(Response Code: 201)
2020-11-09 05:58:22,424 INFO: 二维码未扫描，请扫描二维码(Response Code: 201)
2020-11-09 05:58:24,565 INFO: 二维码未扫描，请扫描二维码(Response Code: 201)
2020-11-09 05:58:26,709 INFO: 二维码未扫描，请扫描二维码(Response Code: 201)
2020-11-09 05:58:28,855 INFO: 二维码未扫描，请扫描二维码(Response Code: 201)
2020-11-09 05:58:30,993 INFO: 二维码未扫描，请扫描二维码(Response Code: 201)
2020-11-09 05:58:33,133 INFO: 二维码未扫描，请扫描二维码(Response Code: 201)
2020-11-09 05:58:35,270 INFO: 二维码未扫描，请扫描二维码(Response Code: 201)
2020-11-09 05:58:37,501 INFO: 二维码未扫描，请扫描二维码(Response Code: 201)
2020-11-09 05:58:39,637 INFO: 二维码未扫描，请扫描二维码(Response Code: 201)
2020-11-09 05:58:41,775 INFO: 二维码未扫描，请扫描二维码(Response Code: 201)
2020-11-09 05:58:43,918 INFO: 二维码未扫描，请扫描二维码(Response Code: 201)
2020-11-09 05:58:46,061 INFO: 二维码未扫描，请扫描二维码(Response Code: 201)
2020-11-09 05:58:48,203 INFO: 二维码未扫描，请扫描二维码(Response Code: 201)
2020-11-09 05:58:50,347 INFO: 二维码未扫描，请扫描二维码(Response Code: 201)
2020-11-09 05:58:52,655 INFO: 二维码未扫描，请扫描二维码(Response Code: 201)
2020-11-09 05:58:54,789 INFO: 二维码未扫描，请扫描二维码(Response Code: 201)
2020-11-09 05:58:56,933 INFO: 二维码未扫描，请扫描二维码(Response Code: 201)
2020-11-09 05:58:59,064 INFO: 二维码未扫描，请扫描二维码(Response Code: 201)
2020-11-09 05:59:01,208 INFO: 二维码未扫描，请扫描二维码(Response Code: 201)
2020-11-09 05:59:03,348 INFO: 二维码未扫描，请扫描二维码(Response Code: 201)
2020-11-09 05:59:05,540 INFO: 二维码未扫描，请扫描二维码(Response Code: 201)
2020-11-09 05:59:07,871 INFO: 二维码未扫描，请扫描二维码(Response Code: 201)
2020-11-09 05:59:10,014 INFO: 二维码未扫描，请扫描二维码(Response Code: 201)
2020-11-09 05:59:12,183 INFO: 二维码未扫描，请扫描二维码(Response Code: 201)
2020-11-09 05:59:14,329 INFO: 二维码未扫描，请扫描二维码(Response Code: 201)
2020-11-09 05:59:16,463 INFO: 二维码未扫描，请扫描二维码(Response Code: 201)
2020-11-09 05:59:18,609 INFO: 二维码未扫描，请扫描二维码(Response Code: 201)
2020-11-09 05:59:20,765 INFO: 二维码未扫描，请扫描二维码(Response Code: 201)
2020-11-09 05:59:23,118 INFO: 二维码未扫描，请扫描二维码(Response Code: 201)
2020-11-09 05:59:25,254 INFO: 二维码未扫描，请扫描二维码(Response Code: 201)
2020-11-09 05:59:27,392 INFO: 二维码未扫描，请扫描二维码(Response Code: 201)
2020-11-09 05:59:29,529 INFO: 二维码未扫描，请扫描二维码(Response Code: 201)
2020-11-09 05:59:31,671 INFO: 二维码未扫描，请扫描二维码(Response Code: 201)
2020-11-09 05:59:33,812 INFO: 二维码未扫描，请扫描二维码(Response Code: 201)
2020-11-09 05:59:36,174 INFO: 二维码未扫描，请扫描二维码(Response Code: 201)
2020-11-09 05:59:38,531 INFO: 二维码未扫描，请扫描二维码(Response Code: 201)
2020-11-09 05:59:40,669 INFO: 二维码未扫描，请扫描二维码(Response Code: 201)
2020-11-09 05:59:42,804 INFO: 二维码未扫描，请扫描二维码(Response Code: 201)
2020-11-09 05:59:44,952 INFO: 二维码未扫描，请扫描二维码(Response Code: 201)
2020-11-09 05:59:47,094 INFO: 二维码未扫描，请扫描二维码(Response Code: 201)
2020-11-09 05:59:49,242 INFO: 二维码未扫描，请扫描二维码(Response Code: 201)
2020-11-09 05:59:51,488 INFO: 二维码未扫描，请扫描二维码(Response Code: 201)
2020-11-09 05:59:53,731 INFO: 二维码未扫描，请扫描二维码(Response Code: 201)
2020-11-09 05:59:55,874 INFO: 二维码未扫描，请扫描二维码(Response Code: 201)
2020-11-09 05:59:58,024 INFO: 二维码未扫描，请扫描二维码(Response Code: 201)
2020-11-09 06:00:00,167 INFO: 二维码未扫描，请扫描二维码(Response Code: 201)
2020-11-09 06:00:02,302 INFO: 二维码未扫描，请扫描二维码(Response Code: 201)
2020-11-09 06:00:04,447 INFO: 二维码未扫描，请扫描二维码(Response Code: 201)
2020-11-09 06:00:06,859 INFO: 二维码未扫描，请扫描二维码(Response Code: 201)
2020-11-09 06:00:09,329 INFO: 二维码未扫描，请扫描二维码(Response Code: 201)
2020-11-09 06:00:11,472 INFO: 二维码未扫描，请扫描二维码(Response Code: 201)
2020-11-09 06:00:13,609 INFO: 二维码未扫描，请扫描二维码(Response Code: 201)
2020-11-09 06:00:15,753 INFO: 二维码未扫描，请扫描二维码(Response Code: 201)
2020-11-09 06:00:17,886 INFO: 二维码未扫描，请扫描二维码(Response Code: 201)
2020-11-09 06:00:20,024 INFO: 二维码未扫描，请扫描二维码(Response Code: 201)
2020-11-09 06:00:22,258 INFO: 二维码未扫描，请扫描二维码(Response Code: 201)
2020-11-09 06:00:24,497 INFO: 二维码未扫描，请扫描二维码(Response Code: 201)
2020-11-09 06:00:26,638 INFO: 二维码未扫描，请扫描二维码(Response Code: 201)
2020-11-09 06:00:28,775 INFO: 二维码未扫描，请扫描二维码(Response Code: 201)
2020-11-09 06:00:30,923 INFO: 二维码未扫描，请扫描二维码(Response Code: 201)
2020-11-09 06:02:05,725 INFO: 请您打开京东手机客户端或微信扫一扫, 准备扫码登录
2020-11-09 06:02:06,231 INFO: 二维码未扫描，请扫描二维码(Response Code: 201)
2020-11-09 06:02:08,507 INFO: 二维码未扫描，请扫描二维码(Response Code: 201)
2020-11-09 06:02:10,653 INFO: 二维码未扫描，请扫描二维码(Response Code: 201)
2020-11-09 06:02:12,792 INFO: 二维码未扫描，请扫描二维码(Response Code: 201)
2020-11-09 06:02:14,939 INFO: 二维码未扫描，请扫描二维码(Response Code: 201)
2020-11-09 06:02:17,074 INFO: 二维码未扫描，请扫描二维码(Response Code: 201)
2020-11-09 06:02:19,214 INFO: 二维码未扫描，请扫描二维码(Response Code: 201)
2020-11-09 06:02:21,502 INFO: 二维码未扫描，请扫描二维码(Response Code: 201)
2020-11-09 06:02:23,738 INFO: 二维码未扫描，请扫描二维码(Response Code: 201)
2020-11-09 06:02:25,873 INFO: 二维码未扫描，请扫描二维码(Response Code: 201)
2020-11-09 06:02:28,006 INFO: 二维码未扫描，请扫描二维码(Response Code: 201)
2020-11-09 06:02:30,148 INFO: 二维码未扫描，请扫描二维码(Response Code: 201)
2020-11-09 06:02:32,295 INFO: 二维码未扫描，请扫描二维码(Response Code: 201)
2020-11-09 06:02:34,433 INFO: 二维码未扫描，请扫描二维码(Response Code: 201)
2020-11-09 06:02:36,655 INFO: 二维码未扫描，请扫描二维码(Response Code: 201)
2020-11-09 06:02:38,949 INFO: 二维码未扫描，请扫描二维码(Response Code: 201)
2020-11-09 06:02:41,096 INFO: 二维码未扫描，请扫描二维码(Response Code: 201)
2020-11-09 06:02:43,231 INFO: 二维码未扫描，请扫描二维码(Response Code: 201)
2020-11-09 06:02:45,365 INFO: 二维码未扫描，请扫描二维码(Response Code: 201)
2020-11-09 06:02:47,495 INFO: 二维码未扫描，请扫描二维码(Response Code: 201)
2020-11-09 06:02:49,628 INFO: 二维码未扫描，请扫描二维码(Response Code: 201)
2020-11-09 06:02:52,025 INFO: 二维码未扫描，请扫描二维码(Response Code: 201)
2020-11-09 06:02:54,268 INFO: 二维码未扫描，请扫描二维码(Response Code: 201)
2020-11-09 06:02:56,408 INFO: 二维码未扫描，请扫描二维码(Response Code: 201)
2020-11-09 06:02:58,550 INFO: 二维码未扫描，请扫描二维码(Response Code: 201)
2020-11-09 06:03:00,685 INFO: 二维码未扫描，请扫描二维码(Response Code: 201)
2020-11-09 06:03:02,825 INFO: 二维码未扫描，请扫描二维码(Response Code: 201)
2020-11-09 06:03:04,968 INFO: 二维码未扫描，请扫描二维码(Response Code: 201)
2020-11-09 06:03:07,280 INFO: 二维码未扫描，请扫描二维码(Response Code: 201)
2020-11-09 06:03:09,429 INFO: 二维码未扫描，请扫描二维码(Response Code: 201)
2020-11-09 06:03:11,561 INFO: 二维码未扫描，请扫描二维码(Response Code: 201)
2020-11-09 06:03:13,702 INFO: 二维码未扫描，请扫描二维码(Response Code: 201)
2020-11-09 06:03:15,838 INFO: 二维码未扫描，请扫描二维码(Response Code: 201)
2020-11-09 06:03:17,977 INFO: 二维码未扫描，请扫描二维码(Response Code: 201)
2020-11-09 06:03:20,128 INFO: 二维码未扫描，请扫描二维码(Response Code: 201)
2020-11-09 06:03:22,430 INFO: 二维码未扫描，请扫描二维码(Response Code: 201)
2020-11-09 06:03:24,567 INFO: 二维码未扫描，请扫描二维码(Response Code: 201)
2020-11-09 06:03:26,701 INFO: 二维码未扫描，请扫描二维码(Response Code: 201)
2020-11-09 06:03:28,839 INFO: 二维码未扫描，请扫描二维码(Response Code: 201)
2020-11-09 06:03:30,976 INFO: 二维码未扫描，请扫描二维码(Response Code: 201)
2020-11-09 06:03:33,114 INFO: 二维码未扫描，请扫描二维码(Response Code: 201)
2020-11-09 06:03:35,256 INFO: 二维码未扫描，请扫描二维码(Response Code: 201)
2020-11-09 06:03:37,485 INFO: 二维码未扫描，请扫描二维码(Response Code: 201)
2020-11-09 06:03:39,608 INFO: 二维码未扫描，请扫描二维码(Response Code: 201)
2020-11-09 06:03:41,750 INFO: 二维码未扫描，请扫描二维码(Response Code: 201)
2020-11-09 06:03:43,889 INFO: 二维码未扫描，请扫描二维码(Response Code: 201)
2020-11-09 06:03:46,030 INFO: 二维码未扫描，请扫描二维码(Response Code: 201)
2020-11-09 06:03:48,169 INFO: 二维码未扫描，请扫描二维码(Response Code: 201)
2020-11-09 06:03:50,312 INFO: 二维码未扫描，请扫描二维码(Response Code: 201)
2020-11-09 06:03:52,633 INFO: 二维码未扫描，请扫描二维码(Response Code: 201)
2020-11-09 06:03:54,775 INFO: 二维码未扫描，请扫描二维码(Response Code: 201)
2020-11-09 06:03:56,924 INFO: 二维码未扫描，请扫描二维码(Response Code: 201)
2020-11-09 06:03:59,067 INFO: 二维码未扫描，请扫描二维码(Response Code: 201)
2020-11-09 06:04:01,202 INFO: 二维码未扫描，请扫描二维码(Response Code: 201)
2020-11-09 06:04:03,334 INFO: 二维码未扫描，请扫描二维码(Response Code: 201)
2020-11-09 06:04:05,545 INFO: 二维码未扫描，请扫描二维码(Response Code: 201)
2020-11-09 06:04:07,767 INFO: 二维码未扫描，请扫描二维码(Response Code: 201)
2020-11-09 06:04:09,899 INFO: 二维码未扫描，请扫描二维码(Response Code: 201)
2020-11-09 06:04:12,041 INFO: 二维码未扫描，请扫描二维码(Response Code: 201)
2020-11-09 06:04:14,181 INFO: 二维码未扫描，请扫描二维码(Response Code: 201)
2020-11-09 06:04:16,319 INFO: 二维码未扫描，请扫描二维码(Response Code: 201)
2020-11-09 06:04:18,459 INFO: 二维码未扫描，请扫描二维码(Response Code: 201)
2020-11-09 06:04:20,699 INFO: 二维码未扫描，请扫描二维码(Response Code: 201)
2020-11-09 06:04:22,932 INFO: 二维码未扫描，请扫描二维码(Response Code: 201)
2020-11-09 06:04:25,073 INFO: 二维码未扫描，请扫描二维码(Response Code: 201)
2020-11-09 06:04:27,213 INFO: 二维码未扫描，请扫描二维码(Response Code: 201)
2020-11-09 06:04:29,354 INFO: 二维码未扫描，请扫描二维码(Response Code: 201)
2020-11-09 06:04:31,488 INFO: 二维码未扫描，请扫描二维码(Response Code: 201)
2020-11-09 06:04:33,630 INFO: 二维码未扫描，请扫描二维码(Response Code: 201)
2020-11-09 06:04:35,838 INFO: 二维码未扫描，请扫描二维码(Response Code: 201)
2020-11-09 06:04:38,167 INFO: 二维码未扫描，请扫描二维码(Response Code: 201)
2020-11-09 06:04:40,302 INFO: 二维码未扫描，请扫描二维码(Response Code: 201)
2020-11-09 06:04:42,444 INFO: 二维码未扫描，请扫描二维码(Response Code: 201)
2020-11-09 06:04:44,592 INFO: 二维码未扫描，请扫描二维码(Response Code: 201)
2020-11-09 06:04:46,725 INFO: 二维码未扫描，请扫描二维码(Response Code: 201)
2020-11-09 06:04:48,864 INFO: 二维码未扫描，请扫描二维码(Response Code: 201)
2020-11-09 06:04:50,998 INFO: 二维码未扫描，请扫描二维码(Response Code: 201)
2020-11-09 06:04:53,254 INFO: 二维码未扫描，请扫描二维码(Response Code: 201)
2020-11-09 06:04:55,396 INFO: 二维码未扫描，请扫描二维码(Response Code: 201)
2020-11-09 06:04:57,538 INFO: 二维码未扫描，请扫描二维码(Response Code: 201)
2020-11-09 06:04:59,680 INFO: 二维码未扫描，请扫描二维码(Response Code: 201)
2020-11-09 06:05:01,816 INFO: 二维码未扫描，请扫描二维码(Response Code: 201)
2020-11-09 06:05:03,955 INFO: 二维码未扫描，请扫描二维码(Response Code: 201)
2020-11-09 06:05:06,194 INFO: 二维码未扫描，请扫描二维码(Response Code: 201)
2020-11-09 06:05:08,544 INFO: 二维码过期，请重新扫描(Response Code: 203)
2020-11-09 06:05:10,691 INFO: 二维码过期，请重新扫描(Response Code: 203)
2020-11-09 06:05:12,827 INFO: 二维码过期，请重新扫描(Response Code: 203)
2020-11-09 06:05:14,965 INFO: 二维码过期，请重新扫描(Response Code: 203)
2020-11-09 06:05:17,109 INFO: 二维码过期，请重新扫描(Response Code: 203)
2020-11-09 06:05:19,250 INFO: 二维码过期，请重新扫描(Response Code: 203)
2020-11-09 06:05:21,617 INFO: 二维码过期，请重新扫描(Response Code: 203)
2020-11-09 06:05:23,869 INFO: 二维码过期，请重新扫描(Response Code: 203)
2020-11-09 06:05:26,008 INFO: 二维码过期，请重新扫描(Response Code: 203)
2020-11-09 06:05:28,157 INFO: 二维码过期，请重新扫描(Response Code: 203)
2020-11-09 06:05:30,299 INFO: 二维码过期，请重新扫描(Response Code: 203)
2020-11-09 06:05:32,436 INFO: 二维码过期，请重新扫描(Response Code: 203)
2020-11-09 06:05:34,572 INFO: 二维码过期，请重新扫描(Response Code: 203)
2020-11-09 06:05:36,873 INFO: 二维码过期，请重新扫描(Response Code: 203)
2020-11-09 06:05:39,040 INFO: 二维码过期，请重新扫描(Response Code: 203)
2020-11-09 06:05:41,165 INFO: 二维码过期，请重新扫描(Response Code: 203)
2020-11-09 06:05:43,315 INFO: 二维码过期，请重新扫描(Response Code: 203)
2020-11-09 06:05:45,455 INFO: 二维码过期，请重新扫描(Response Code: 203)
