2020-02-06 13:01:10,916 INFO: 登录成功!
2020-02-06 13:01:11,168 INFO: 登录账号名称: jd_180519iya
2020-02-06 13:01:11,173 INFO: 第1次 查询...
2020-02-06 13:01:11,389 INFO: [1835967]商品无货.
2020-02-06 13:01:11,583 INFO: [1835968]商品无货.
2020-02-07 18:13:10,251 INFO: 登录成功!
2020-02-07 18:13:10,463 INFO: 登录账号名称: jd_180519iya
2020-02-07 18:13:10,467 INFO: 第1次 查询...
2020-02-07 18:13:10,699 INFO: [1835967]商品无货.
2020-02-07 18:13:10,947 INFO: [1835968]商品无货.
2020-11-12 05:18:35,050 INFO: 登录成功!
2020-11-12 05:18:35,254 INFO: 登录账号名称: 金诺1099
2020-11-12 05:18:35,255 INFO: 第1次 查询...
2020-11-12 05:18:45,267 INFO: 第2次 查询...
2020-11-12 05:18:55,278 INFO: 第3次 查询...
2020-11-12 05:19:05,287 INFO: 第4次 查询...
2020-11-12 05:19:15,300 INFO: 第5次 查询...
2020-11-12 05:19:25,313 INFO: 第6次 查询...
2020-11-12 05:19:35,326 INFO: 第7次 查询...
2020-11-12 05:19:45,338 INFO: 第8次 查询...
2020-11-12 05:19:55,348 INFO: 第9次 查询...
2020-11-12 05:20:05,361 INFO: 第10次 查询...
2020-11-12 05:20:15,371 INFO: 第11次 查询...
2020-11-12 05:20:25,384 INFO: 第12次 查询...
2020-11-12 05:20:35,395 INFO: 第13次 查询...
2020-11-12 05:20:45,407 INFO: 第14次 查询...
2020-11-12 05:20:55,417 INFO: 第15次 查询...
2020-11-12 05:21:05,427 INFO: 第16次 查询...
2020-11-12 05:21:15,437 INFO: 第17次 查询...
2020-11-12 05:21:25,447 INFO: 第18次 查询...
2020-11-12 05:21:35,457 INFO: 第19次 查询...
2020-11-12 05:21:45,467 INFO: 第20次 查询...
2020-11-12 05:21:55,478 INFO: 第21次 查询...
2020-11-12 05:22:05,487 INFO: 第22次 查询...
2020-11-12 05:22:15,497 INFO: 第23次 查询...
2020-11-12 05:22:25,501 INFO: 第24次 查询...
2020-11-12 05:22:35,511 INFO: 第25次 查询...
2020-11-12 05:22:45,521 INFO: 第26次 查询...
2020-11-12 05:22:55,530 INFO: 第27次 查询...
2020-11-12 05:23:05,542 INFO: 第28次 查询...
2020-11-12 05:23:15,554 INFO: 第29次 查询...
2020-11-12 05:23:25,564 INFO: 第30次 查询...
2020-11-12 05:23:35,576 INFO: 第31次 查询...
2020-11-12 05:23:45,588 INFO: 第32次 查询...
2020-11-12 05:23:55,597 INFO: 第33次 查询...
2020-11-12 05:24:05,607 INFO: 第34次 查询...
2020-11-12 05:24:15,617 INFO: 第35次 查询...
2020-11-12 05:31:09,370 INFO: 登录成功!
2020-11-12 05:31:09,503 INFO: 登录账号名称: 金诺1099
2020-11-12 05:31:09,504 INFO: 第1次 查询...
2020-11-12 05:31:19,513 INFO: 第2次 查询...
2020-11-12 05:35:24,215 INFO: 登录成功!
2020-11-12 05:35:24,346 INFO: 登录账号名称: 金诺1099
2020-11-12 05:35:24,346 INFO: 第1次 查询...
2020-11-12 05:35:34,357 INFO: 第2次 查询...
2020-11-16 03:34:03,106 INFO: 第[1]次请重新获取cookie...
2020-11-16 03:34:08,268 INFO: 第[2]次请重新获取cookie...
2020-11-16 03:34:13,418 INFO: 登录账号名称: 金诺1099
2020-11-16 03:34:13,419 INFO: 第1次 查询...
2020-11-16 03:34:23,429 INFO: 第2次 查询...
2020-11-16 03:40:55,460 INFO: 登录成功!
2020-11-16 03:40:55,615 INFO: 登录账号名称: 金诺1099
2020-11-16 03:40:55,616 INFO: 第1次 查询...
2020-11-16 03:41:05,628 INFO: 第2次 查询...
2020-11-16 03:41:15,639 INFO: 第3次 查询...
2020-11-16 03:41:25,649 INFO: 第4次 查询...
2020-11-18 03:30:10,596 INFO: 第[1]次请重新获取cookie...
2020-11-18 03:30:15,746 INFO: 第[2]次请重新获取cookie...
2020-11-18 03:30:20,909 INFO: 登录账号名称: 金诺1099
2020-11-18 03:30:20,909 INFO: 第1次 查询...
2020-11-18 03:30:30,918 INFO: 第2次 查询...
2020-11-18 03:30:40,928 INFO: 第3次 查询...
2020-11-18 03:37:10,026 INFO: 登录成功!
2020-11-18 03:37:10,192 INFO: 登录账号名称: 金诺1099
2020-11-18 03:37:10,192 INFO: 第1次 查询...
2020-11-18 03:37:20,204 INFO: 第2次 查询...
2020-11-18 04:03:31,617 INFO: 登录成功!
2020-11-18 04:03:31,807 INFO: 登录账号名称: 金诺1099
2020-11-18 04:03:31,808 INFO: 第1次 查询...
2020-11-18 04:05:41,188 INFO: 第2次 查询...
2020-11-20 04:00:17,920 INFO: 第[1]次请重新获取cookie...
2020-11-20 04:00:23,086 INFO: 第[2]次请重新获取cookie...
2020-11-20 04:00:28,283 INFO: 登录账号名称: 金诺1099
2020-11-20 04:00:28,284 INFO: 第1次 查询...
2020-11-20 04:55:00,369 INFO: 第[1]次请重新获取cookie...
2020-11-20 04:55:05,537 INFO: 第[2]次请重新获取cookie...
2020-11-20 04:55:10,697 INFO: 登录账号名称: 金诺1099
2020-11-20 04:55:10,698 INFO: 第1次 查询...
2020-11-20 04:55:10,826 INFO: [100016129294]商品无货.
2020-11-20 04:55:15,832 INFO: 第2次 查询...
2020-11-20 04:55:15,968 INFO: [100016129294]商品无货.
2020-11-20 04:55:20,973 INFO: 第3次 查询...
2020-11-20 04:55:21,172 INFO: [100016129294]商品无货.
2020-11-20 04:55:26,176 INFO: 第4次 查询...
2020-11-20 04:55:26,298 INFO: [100016129294]商品无货.
2020-11-20 05:21:41,854 INFO: 第[1]次请重新获取cookie...
2020-11-20 05:21:47,018 INFO: 第[2]次请重新获取cookie...
2020-11-20 05:21:52,446 INFO: 登录账号名称: 金诺1099
2020-11-20 05:21:52,446 INFO: 第1次 查询...
2020-11-20 05:21:57,450 INFO: 第2次 查询...
2020-11-20 05:22:02,453 INFO: 第3次 查询...
2020-11-20 05:22:07,456 INFO: 第4次 查询...
2020-11-20 05:22:12,459 INFO: 第5次 查询...
2020-11-20 05:22:17,463 INFO: 第6次 查询...
2020-11-20 05:22:22,466 INFO: 第7次 查询...
2020-11-20 05:22:27,469 INFO: 第8次 查询...
2020-11-20 05:22:32,474 INFO: 第9次 查询...
2020-11-20 05:22:37,479 INFO: 第10次 查询...
2020-11-20 05:22:42,485 INFO: 第11次 查询...
2020-11-20 05:22:47,489 INFO: 第12次 查询...
2020-11-20 05:22:52,495 INFO: 第13次 查询...
2020-11-20 05:22:57,499 INFO: 第14次 查询...
2020-11-20 05:23:02,503 INFO: 第15次 查询...
2020-11-20 05:23:07,506 INFO: 第16次 查询...
2020-11-20 05:23:12,509 INFO: 第17次 查询...
2020-11-20 05:23:17,515 INFO: 第18次 查询...
2020-11-20 05:23:22,520 INFO: 第19次 查询...
2020-11-20 05:23:27,522 INFO: 校验是否还在登录...
2020-11-20 05:23:27,684 INFO: 第[1]次请重新获取cookie...
2020-11-20 05:23:32,848 INFO: 第[2]次请重新获取cookie...
2020-11-20 05:23:37,853 INFO: 第20次 查询...
2020-11-20 05:23:42,858 INFO: 第21次 查询...
2020-11-20 05:23:47,863 INFO: 第22次 查询...
2020-11-20 05:26:41,576 INFO: 登录成功!
2020-11-20 05:26:41,722 INFO: 登录账号名称: 金诺1099
2020-11-20 05:26:41,723 INFO: 第1次 查询...
2020-11-20 05:26:46,728 INFO: 第2次 查询...
2020-11-20 05:26:51,733 INFO: 第3次 查询...
2020-11-20 05:26:56,736 INFO: 第4次 查询...
2020-11-20 05:38:39,667 INFO: 登录成功!
2020-11-20 05:38:39,849 INFO: 登录账号名称: 金诺1099
2020-11-20 05:38:39,850 INFO: 第1次 查询...
2020-11-20 05:39:40,265 INFO: 第2次 查询...
2020-11-20 05:41:41,923 INFO: 登录成功!
2020-11-20 05:41:42,179 INFO: 登录账号名称: 金诺1099
2020-11-20 05:41:42,180 INFO: 第1次 查询...
2020-11-20 05:41:42,537 INFO: [10022306971495]商品无货.
2020-11-20 05:41:47,543 INFO: 第2次 查询...
2020-11-20 05:41:47,694 INFO: [10022306971495]商品无货.
2020-11-20 05:47:10,269 INFO: 登录成功!
2020-11-20 05:47:10,401 INFO: 登录账号名称: 金诺1099
2020-11-20 05:47:10,401 INFO: 第1次 查询...
2020-11-20 05:47:10,529 INFO: [10023884082830]商品无货.
2020-11-20 05:47:15,535 INFO: 第2次 查询...
2020-11-20 05:47:15,670 INFO: [10023884082830]商品无货.
2020-11-20 05:47:20,676 INFO: 第3次 查询...
2020-11-20 05:47:20,812 INFO: [10023884082830]商品无货.
2020-11-20 05:51:10,977 INFO: 登录成功!
2020-11-20 05:51:11,128 INFO: 登录账号名称: 金诺1099
2020-11-20 05:51:11,129 INFO: 第1次 查询...
2020-11-20 05:51:11,264 INFO: [868883]商品无货.
2020-11-20 05:51:16,270 INFO: 第2次 查询...
2020-11-20 05:51:16,404 INFO: [868883]商品无货.
2020-11-20 05:51:21,409 INFO: 第3次 查询...
2020-11-20 05:51:21,731 INFO: [868883]商品无货.
2020-11-20 05:51:26,736 INFO: 第4次 查询...
2020-11-20 05:51:26,867 INFO: [868883]商品无货.
2020-11-20 05:51:31,873 INFO: 第5次 查询...
2020-11-20 05:51:32,005 INFO: [868883]商品无货.
2020-11-20 05:55:37,205 INFO: 登录成功!
2020-11-20 05:55:37,469 INFO: 登录账号名称: 金诺1099
2020-11-20 05:55:37,470 INFO: 第1次 查询...
2020-11-21 02:01:07,710 INFO: 登录成功!
2020-11-21 02:01:07,856 INFO: 登录账号名称: 金诺1099
2020-11-21 02:01:07,857 INFO: 第1次 查询...
2020-11-21 02:01:08,016 INFO: [868883]商品无货.
2020-11-21 02:01:13,021 INFO: 第2次 查询...
2020-11-21 02:01:13,154 INFO: [868883]商品无货.
2020-11-21 02:40:48,233 INFO: 登录成功!
2020-11-21 02:40:48,379 INFO: 登录账号名称: 金诺1099
2020-11-21 02:40:48,379 INFO: 第1次 查询...
2020-11-21 02:40:48,534 INFO: [868883]商品无货.
2020-11-21 02:40:53,538 INFO: 第2次 查询...
2020-11-21 02:40:53,672 INFO: [868883]商品无货.
2020-11-21 03:41:30,295 INFO: 登录成功!
2020-11-21 03:41:30,536 INFO: 登录账号名称: 金诺1099
2020-11-21 03:41:30,536 INFO: 第1次 查询...
2020-11-21 03:41:31,355 INFO: [868883]商品有货啦! 马上下单...
2020-11-21 03:41:31,356 INFO: 第[1/5]次尝试提交订单
2020-11-21 03:41:33,213 INFO: 868883 已成功加入购物车
2020-11-21 03:41:33,636 INFO: 当前购物车信息: {}
2020-11-21 03:41:34,402 INFO: 下单信息: {'address': '湖北 黄石市 大冶市 还地桥镇  长岭村费家边湾', 'receiver': '程先生 156****9627', 'total_price': '19.80', 'items': []}
2020-11-21 03:41:34,583 INFO: 订单提交成功! 订单号: 138742874826
2020-11-21 03:43:32,352 INFO: 登录成功!
2020-11-21 03:43:32,588 INFO: 登录账号名称: 金诺1099
2020-11-21 03:43:32,589 INFO: 第1次 查询...
2020-11-21 03:43:46,484 INFO: 第2次 查询...
2020-11-21 03:43:57,430 INFO: 第3次 查询...
2020-11-21 03:43:57,856 INFO: [868883]商品有货啦! 马上下单...
2020-11-21 03:43:57,856 INFO: 第[1/5]次尝试提交订单
2020-11-21 03:43:58,957 INFO: 868883 已成功加入购物车
2020-11-21 03:43:59,641 INFO: 当前购物车信息: {}
2020-11-21 03:44:00,870 INFO: 下单信息: {'address': '湖北 黄石市 大冶市 还地桥镇  长岭村费家边湾', 'receiver': '程先生 156****9627', 'total_price': '19.80', 'items': []}
2020-11-21 03:44:01,069 INFO: 订单提交成功! 订单号: 132966892561
2020-11-21 03:46:06,509 INFO: 登录成功!
2020-11-21 03:46:06,657 INFO: 登录账号名称: 金诺1099
2020-11-21 03:46:06,658 INFO: 第1次 查询...
2020-11-21 03:46:51,683 INFO: 登录成功!
2020-11-21 03:46:51,819 INFO: 登录账号名称: 金诺1099
2020-11-21 03:46:51,819 INFO: 第1次 查询...
2020-11-21 03:47:37,831 INFO: 登录成功!
2020-11-21 03:47:37,974 INFO: 登录账号名称: 金诺1099
2020-11-21 03:47:37,975 INFO: 第1次 查询...
2020-11-21 03:47:48,104 INFO: 第2次 查询...
2020-11-21 03:48:20,802 INFO: 登录成功!
2020-11-21 03:48:20,934 INFO: 登录账号名称: 金诺1099
2020-11-21 03:48:20,935 INFO: 第1次 查询...
2020-11-22 03:48:38,435 INFO: 第[1]次请重新获取cookie...
2020-11-22 03:48:43,691 INFO: 第[2]次请重新获取cookie...
2020-11-22 03:48:48,856 INFO: 登录账号名称: 金诺1099
2020-11-22 03:48:48,857 INFO: 第1次 查询...
2020-11-22 04:29:01,998 INFO: 第[1]次请重新获取cookie...
2020-11-22 04:29:07,165 INFO: 第[2]次请重新获取cookie...
2020-11-22 04:29:12,486 INFO: 登录账号名称: 金诺1099
2020-11-22 04:29:12,487 INFO: 第1次 查询...
2020-11-22 04:29:13,339 INFO: [4708316]商品有货啦! 马上下单...
2020-11-22 04:29:13,340 INFO: 第[1/5]次尝试提交订单
2020-11-22 04:29:25,177 INFO: 第2次 查询...
2020-11-22 04:29:25,956 INFO: [4708316]商品有货啦! 马上下单...
2020-11-22 04:29:25,956 INFO: 第[1/5]次尝试提交订单
2020-11-22 04:29:36,924 INFO: 第3次 查询...
2020-11-22 04:29:37,391 INFO: [4708316]商品有货啦! 马上下单...
2020-11-22 04:29:37,391 INFO: 第[1/5]次尝试提交订单
2020-11-22 04:29:47,901 INFO: 第4次 查询...
2020-11-22 04:29:48,344 INFO: [4708316]商品有货啦! 马上下单...
2020-11-22 04:29:48,345 INFO: 第[1/5]次尝试提交订单
2020-11-22 04:34:04,499 INFO: 登录成功!
2020-11-22 04:34:04,648 INFO: 登录账号名称: 金诺1099
2020-11-22 04:34:04,648 INFO: 第1次 查询...
2020-11-22 04:34:05,082 INFO: [4708316]商品有货啦! 马上下单...
2020-11-22 04:34:05,083 INFO: 第[1/5]次尝试提交订单
2020-11-22 04:34:06,046 INFO: 4708316 已成功加入购物车
2020-11-22 04:34:06,493 INFO: 当前购物车信息: {}
2020-11-22 04:34:07,198 INFO: 下单信息: {'address': '湖北 黄石市 大冶市 还地桥镇  长岭村费家边湾', 'receiver': '程先生 156****9627', 'total_price': '19.80', 'items': []}
2020-11-22 04:34:07,388 INFO: 订单提交成功! 订单号: 138769320323
